<?xml version="1.0" encoding="UTF-8"?>
<testng-results ignored="0" total="2" passed="2" failed="0" skipped="0">
  <reporter-output>
  </reporter-output>
  <suite started-at="2024-07-15T20:03:44 CEST" name="FlightBooking_TS01" finished-at="2024-07-15T20:06:18 CEST" duration-ms="153794">
    <groups>
    </groups>
    <test started-at="2024-07-15T20:03:44 CEST" name="FlightBooking_TC01" finished-at="2024-07-15T20:06:18 CEST" duration-ms="153794">
      <class name="ryanair.flight_booking.FlightBookingTest">
        <test-method is-config="true" signature="setUp(java.lang.reflect.Method,java.lang.String,org.testng.ITestContext)[pri:0, instance:ryanair.flight_booking.FlightBookingTest@6340e5f0]" started-at="2024-07-15T20:03:45 CEST" name="setUp" finished-at="2024-07-15T20:03:53 CEST" duration-ms="7512" status="PASS">
          <params>
            <param index="0">
              <value>
                <![CDATA[public void ryanair.flight_booking.FlightBookingTest.bookFlightParameterizedTest(java.util.Map)]]>
              </value>
            </param>
            <param index="1">
              <value>
                <![CDATA[chrome]]>
              </value>
            </param>
            <param index="2">
              <value>
                <![CDATA[org.testng.TestRunner@7d12429]]>
              </value>
            </param>
          </params>
          <reporter-output>
          </reporter-output>
        </test-method> <!-- setUp -->
        <test-method signature="bookFlightParameterizedTest(java.util.Map)[pri:0, instance:ryanair.flight_booking.FlightBookingTest@6340e5f0]" started-at="2024-07-15T20:03:53 CEST" name="bookFlightParameterizedTest" data-provider="csvReader" finished-at="2024-07-15T20:05:00 CEST" duration-ms="67606" status="PASS">
          <params>
            <param index="0">
              <value>
                <![CDATA[{departure_airport=Brussels, destination_airport=Dublin, departure_date=2024-08-25, return_date=2024-09-13}]]>
              </value>
            </param>
          </params>
          <reporter-output>
          </reporter-output>
        </test-method> <!-- bookFlightParameterizedTest -->
        <test-method is-config="true" signature="tearDown()[pri:0, instance:ryanair.flight_booking.FlightBookingTest@6340e5f0]" started-at="2024-07-15T20:05:00 CEST" name="tearDown" finished-at="2024-07-15T20:05:03 CEST" duration-ms="3152" status="PASS">
          <reporter-output>
          </reporter-output>
        </test-method> <!-- tearDown -->
        <test-method is-config="true" signature="setUp(java.lang.reflect.Method,java.lang.String,org.testng.ITestContext)[pri:0, instance:ryanair.flight_booking.FlightBookingTest@6340e5f0]" started-at="2024-07-15T20:05:03 CEST" name="setUp" finished-at="2024-07-15T20:05:09 CEST" duration-ms="5768" status="PASS">
          <params>
            <param index="0">
              <value>
                <![CDATA[public void ryanair.flight_booking.FlightBookingTest.bookFlightTest()]]>
              </value>
            </param>
            <param index="1">
              <value>
                <![CDATA[chrome]]>
              </value>
            </param>
            <param index="2">
              <value>
                <![CDATA[org.testng.TestRunner@7d12429]]>
              </value>
            </param>
          </params>
          <reporter-output>
          </reporter-output>
        </test-method> <!-- setUp -->
        <test-method signature="bookFlightTest()[pri:0, instance:ryanair.flight_booking.FlightBookingTest@6340e5f0]" started-at="2024-07-15T20:05:09 CEST" name="bookFlightTest" finished-at="2024-07-15T20:06:15 CEST" duration-ms="65661" status="PASS">
          <reporter-output>
          </reporter-output>
        </test-method> <!-- bookFlightTest -->
        <test-method is-config="true" signature="tearDown()[pri:0, instance:ryanair.flight_booking.FlightBookingTest@6340e5f0]" started-at="2024-07-15T20:06:15 CEST" name="tearDown" finished-at="2024-07-15T20:06:18 CEST" duration-ms="2705" status="PASS">
          <reporter-output>
          </reporter-output>
        </test-method> <!-- tearDown -->
      </class> <!-- ryanair.flight_booking.FlightBookingTest -->
    </test> <!-- FlightBooking_TC01 -->
  </suite> <!-- FlightBooking_TS01 -->
</testng-results>
