<?xml version="1.0" encoding="UTF-8"?>
<!-- Generated by org.testng.reporters.JUnitXMLReporter -->
<testsuite ignored="0" hostname="VPC11972" failures="0" tests="2" name="FlightBooking_TC01" time="153.794" errors="0" timestamp="2024-07-15T20:06:18 CEST">
  <testcase classname="ryanair.flight_booking.FlightBookingTest" name="bookFlightParameterizedTest" time="67.606"/>
  <testcase classname="ryanair.flight_booking.FlightBookingTest" name="bookFlightTest" time="65.661"/>
</testsuite> <!-- FlightBooking_TC01 -->
